<?xml version="1.0" encoding="UTF-8"?>
<!-- Generated by org.testng.reporters.JUnitXMLReporter -->
<testsuite ignored="35" hostname="Ankita_Laptop" failures="0" tests="1" name="Default test" time="4.59" errors="0" timestamp="2026-03-10T18:27:17 IST">
  <testcase classname="test.Calculator_dotNet.Math_fun" name="brac" time="1.297"/>
  <testcase classname="test.Calculator_dotNet.Math_fun" name="log" time="0.0">
    <ignored/>
  </testcase> <!-- log -->
  <testcase classname="test.Calculator_dotNet.Math_fun" name="x_rasisedto_3" time="0.0">
    <ignored/>
  </testcase> <!-- x_rasisedto_3 -->
  <testcase classname="test.Calculator_dotNet.Math_fun" name="cos_1" time="0.0">
    <ignored/>
  </testcase> <!-- cos_1 -->
  <testcase classname="test.Calculator_dotNet.Math_fun" name="y_root_x" time="0.0">
    <ignored/>
  </testcase> <!-- y_root_x -->
  <testcase classname="test.Calculator_dotNet.Math_fun" name="tan" time="0.0">
    <ignored/>
  </testcase> <!-- tan -->
  <testcase classname="test.Calculator_dotNet.Math_fun" name="pie" time="0.0">
    <ignored/>
  </testcase> <!-- pie -->
  <testcase classname="test.Calculator_dotNet.Math_fun" name="x_raisedto_2" time="0.0">
    <ignored/>
  </testcase> <!-- x_raisedto_2 -->
  <testcase classname="test.Calculator_dotNet.Math_fun" name="memory_recall" time="0.0">
    <ignored/>
  </testcase> <!-- memory_recall -->
  <testcase classname="test.Calculator_dotNet.Math_fun" name="division" time="0.0">
    <ignored/>
  </testcase> <!-- division -->
  <testcase classname="test.Calculator_dotNet.Math_fun" name="ten_raiseto" time="0.0">
    <ignored/>
  </testcase> <!-- ten_raiseto -->
  <testcase classname="test.Calculator_dotNet.Math_fun" name="his" time="0.0">
    <ignored/>
  </testcase> <!-- his -->
  <testcase classname="test.Calculator_dotNet.Math_fun" name="percentage" time="0.0">
    <ignored/>
  </testcase> <!-- percentage -->
  <testcase classname="test.Calculator_dotNet.Math_fun" name="Ans_btn" time="0.0">
    <ignored/>
  </testcase> <!-- Ans_btn -->
  <testcase classname="test.Calculator_dotNet.Math_fun" name="e" time="0.0">
    <ignored/>
  </testcase> <!-- e -->
  <testcase classname="test.Calculator_dotNet.Math_fun" name="reciprocal" time="0.0">
    <ignored/>
  </testcase> <!-- reciprocal -->
  <testcase classname="test.Calculator_dotNet.Math_fun" name="addition" time="0.0">
    <ignored/>
  </testcase> <!-- addition -->
  <testcase classname="test.Calculator_dotNet.Math_fun" name="radian" time="0.0">
    <ignored/>
  </testcase> <!-- radian -->
  <testcase classname="test.Calculator_dotNet.Math_fun" name="sin_1" time="0.0">
    <ignored/>
  </testcase> <!-- sin_1 -->
  <testcase classname="test.Calculator_dotNet.Math_fun" name="sin" time="0.0">
    <ignored/>
  </testcase> <!-- sin -->
  <testcase classname="test.Calculator_dotNet.Math_fun" name="sqrroot_x" time="0.0">
    <ignored/>
  </testcase> <!-- sqrroot_x -->
  <testcase classname="test.Calculator_dotNet.Math_fun" name="factoiral" time="0.0">
    <ignored/>
  </testcase> <!-- factoiral -->
  <testcase classname="test.Calculator_dotNet.Math_fun" name="memory_add" time="0.0">
    <ignored/>
  </testcase> <!-- memory_add -->
  <testcase classname="test.Calculator_dotNet.Math_fun" name="cos" time="0.0">
    <ignored/>
  </testcase> <!-- cos -->
  <testcase classname="test.Calculator_dotNet.Math_fun" name="natuaral_log" time="0.0">
    <ignored/>
  </testcase> <!-- natuaral_log -->
  <testcase classname="test.Calculator_dotNet.Math_fun" name="e_raisedto_x" time="0.0">
    <ignored/>
  </testcase> <!-- e_raisedto_x -->
  <testcase classname="test.Calculator_dotNet.Math_fun" name="back" time="0.0">
    <ignored/>
  </testcase> <!-- back -->
  <testcase classname="test.Calculator_dotNet.Math_fun" name="ntv_ptv_no" time="0.0">
    <ignored/>
  </testcase> <!-- ntv_ptv_no -->
  <testcase classname="test.Calculator_dotNet.Math_fun" name="substraction" time="0.0">
    <ignored/>
  </testcase> <!-- substraction -->
  <testcase classname="test.Calculator_dotNet.Math_fun" name="multiplication" time="0.0">
    <ignored/>
  </testcase> <!-- multiplication -->
  <testcase classname="test.Calculator_dotNet.Math_fun" name="x_raisedto_y" time="0.0">
    <ignored/>
  </testcase> <!-- x_raisedto_y -->
  <testcase classname="test.Calculator_dotNet.Math_fun" name="memory_subtract" time="0.0">
    <ignored/>
  </testcase> <!-- memory_subtract -->
  <testcase classname="test.Calculator_dotNet.Math_fun" name="cuberoot_x" time="0.0">
    <ignored/>
  </testcase> <!-- cuberoot_x -->
  <testcase classname="test.Calculator_dotNet.Math_fun" name="ten_raisedto_x" time="0.0">
    <ignored/>
  </testcase> <!-- ten_raisedto_x -->
  <testcase classname="test.Calculator_dotNet.Math_fun" name="tan_1" time="0.0">
    <ignored/>
  </testcase> <!-- tan_1 -->
  <testcase classname="test.Calculator_dotNet.Math_fun" name="random" time="0.0">
    <ignored/>
  </testcase> <!-- random -->
</testsuite> <!-- Default test -->
