<?xml version="1.0" encoding="UTF-8"?>
<testng-results ignored="35" total="36" passed="1" failed="0" skipped="0">
  <reporter-output>
  </reporter-output>
  <suite started-at="2026-03-10T18:05:52 IST" name="Default suite" finished-at="2026-03-10T18:05:55 IST" duration-ms="3285">
    <groups>
    </groups>
    <test started-at="2026-03-10T18:05:52 IST" name="Default test" finished-at="2026-03-10T18:05:55 IST" duration-ms="3285">
      <class name="test.Calculator_dotNet.Math_fun">
        <test-method is-config="true" signature="launch()[pri:0, instance:test.Calculator_dotNet.Math_fun@6989da5e]" started-at="2026-03-10T18:05:52 IST" name="launch" finished-at="2026-03-10T18:05:55 IST" duration-ms="2995" status="PASS">
          <reporter-output>
          </reporter-output>
        </test-method> <!-- launch -->
        <test-method signature="his()[pri:0, instance:test.Calculator_dotNet.Math_fun@6989da5e]" started-at="2026-03-10T18:05:55 IST" name="his" finished-at="2026-03-10T18:05:55 IST" duration-ms="48" status="PASS">
          <reporter-output>
          </reporter-output>
        </test-method> <!-- his -->
        <test-method is-config="true" signature="closeBrowser()[pri:0, instance:test.Calculator_dotNet.Math_fun@6989da5e]" started-at="2026-03-10T18:05:55 IST" name="closeBrowser" finished-at="2026-03-10T18:05:55 IST" duration-ms="184" status="PASS">
          <reporter-output>
          </reporter-output>
        </test-method> <!-- closeBrowser -->
      </class> <!-- test.Calculator_dotNet.Math_fun -->
    </test> <!-- Default test -->
  </suite> <!-- Default suite -->
</testng-results>
