<?xml version="1.0" encoding="UTF-8"?>
<testng-results ignored="0" total="40" passed="40" failed="0" skipped="0">
  <reporter-output>
  </reporter-output>
  <suite started-at="2026-03-10T18:27:51 IST" name="CalculatorSuite" finished-at="2026-03-10T18:29:23 IST" duration-ms="91612">
    <groups>
    </groups>
    <test started-at="2026-03-10T18:27:51 IST" name="CalculatorTests" finished-at="2026-03-10T18:29:23 IST" duration-ms="91612">
      <class name="test.Calculator_dotNet.Search">
        <test-method is-config="true" signature="launch()[pri:0, instance:test.Calculator_dotNet.Search@4c12331b]" started-at="2026-03-10T18:29:15 IST" name="launch" finished-at="2026-03-10T18:29:17 IST" duration-ms="2408" status="PASS">
          <reporter-output>
          </reporter-output>
        </test-method> <!-- launch -->
        <test-method signature="search_cal()[pri:0, instance:test.Calculator_dotNet.Search@4c12331b]" started-at="2026-03-10T18:29:17 IST" name="search_cal" finished-at="2026-03-10T18:29:18 IST" duration-ms="269" status="PASS">
          <reporter-output>
          </reporter-output>
        </test-method> <!-- search_cal -->
        <test-method is-config="true" signature="closeBrowser()[pri:0, instance:test.Calculator_dotNet.Search@4c12331b]" started-at="2026-03-10T18:29:18 IST" name="closeBrowser" finished-at="2026-03-10T18:29:18 IST" duration-ms="179" status="PASS">
          <reporter-output>
          </reporter-output>
        </test-method> <!-- closeBrowser -->
      </class> <!-- test.Calculator_dotNet.Search -->
      <class name="test.Calculator_dotNet.Sign_in">
        <test-method is-config="true" signature="launch()[pri:0, instance:test.Calculator_dotNet.Sign_in@7586beff]" started-at="2026-03-10T18:29:18 IST" name="launch" finished-at="2026-03-10T18:29:20 IST" duration-ms="2195" status="PASS">
          <reporter-output>
          </reporter-output>
        </test-method> <!-- launch -->
        <test-method signature="click_signin_nav()[pri:0, instance:test.Calculator_dotNet.Sign_in@7586beff]" started-at="2026-03-10T18:29:20 IST" name="click_signin_nav" finished-at="2026-03-10T18:29:21 IST" duration-ms="1416" status="PASS">
          <reporter-output>
          </reporter-output>
        </test-method> <!-- click_signin_nav -->
        <test-method signature="sign_in()[pri:0, instance:test.Calculator_dotNet.Sign_in@7586beff]" started-at="2026-03-10T18:29:21 IST" name="sign_in" finished-at="2026-03-10T18:29:23 IST" duration-ms="1472" status="PASS">
          <reporter-output>
          </reporter-output>
        </test-method> <!-- sign_in -->
        <test-method is-config="true" signature="closeBrowser()[pri:0, instance:test.Calculator_dotNet.Sign_in@7586beff]" started-at="2026-03-10T18:29:23 IST" name="closeBrowser" finished-at="2026-03-10T18:29:23 IST" duration-ms="189" status="PASS">
          <reporter-output>
          </reporter-output>
        </test-method> <!-- closeBrowser -->
      </class> <!-- test.Calculator_dotNet.Sign_in -->
      <class name="test.Calculator_dotNet.Math_fun">
        <test-method is-config="true" signature="launch()[pri:0, instance:test.Calculator_dotNet.Math_fun@6025e1b6]" started-at="2026-03-10T18:27:51 IST" name="launch" finished-at="2026-03-10T18:27:55 IST" duration-ms="3130" status="PASS">
          <reporter-output>
          </reporter-output>
        </test-method> <!-- launch -->
        <test-method signature="addition()[pri:0, instance:test.Calculator_dotNet.Math_fun@6025e1b6]" started-at="2026-03-10T18:27:55 IST" name="addition" finished-at="2026-03-10T18:27:55 IST" duration-ms="394" status="PASS">
          <reporter-output>
          </reporter-output>
        </test-method> <!-- addition -->
        <test-method signature="substraction()[pri:1, instance:test.Calculator_dotNet.Math_fun@6025e1b6]" started-at="2026-03-10T18:27:55 IST" name="substraction" finished-at="2026-03-10T18:27:56 IST" duration-ms="575" status="PASS">
          <reporter-output>
          </reporter-output>
        </test-method> <!-- substraction -->
        <test-method signature="multiplication()[pri:2, instance:test.Calculator_dotNet.Math_fun@6025e1b6]" started-at="2026-03-10T18:27:56 IST" name="multiplication" finished-at="2026-03-10T18:27:56 IST" duration-ms="532" status="PASS">
          <reporter-output>
          </reporter-output>
        </test-method> <!-- multiplication -->
        <test-method signature="division()[pri:3, instance:test.Calculator_dotNet.Math_fun@6025e1b6]" started-at="2026-03-10T18:27:56 IST" name="division" finished-at="2026-03-10T18:27:57 IST" duration-ms="442" status="PASS">
          <reporter-output>
          </reporter-output>
        </test-method> <!-- division -->
        <test-method signature="Ans_btn()[pri:4, instance:test.Calculator_dotNet.Math_fun@6025e1b6]" started-at="2026-03-10T18:27:57 IST" name="Ans_btn" finished-at="2026-03-10T18:27:57 IST" duration-ms="147" status="PASS">
          <reporter-output>
          </reporter-output>
        </test-method> <!-- Ans_btn -->
        <test-method signature="back()[pri:5, instance:test.Calculator_dotNet.Math_fun@6025e1b6]" started-at="2026-03-10T18:27:57 IST" name="back" finished-at="2026-03-10T18:27:57 IST" duration-ms="304" status="PASS">
          <reporter-output>
          </reporter-output>
        </test-method> <!-- back -->
        <test-method signature="ten_raiseto()[pri:6, instance:test.Calculator_dotNet.Math_fun@6025e1b6]" started-at="2026-03-10T18:27:57 IST" name="ten_raiseto" finished-at="2026-03-10T18:27:58 IST" duration-ms="783" status="PASS">
          <reporter-output>
          </reporter-output>
        </test-method> <!-- ten_raiseto -->
        <test-method signature="random()[pri:7, instance:test.Calculator_dotNet.Math_fun@6025e1b6]" started-at="2026-03-10T18:27:58 IST" name="random" finished-at="2026-03-10T18:27:58 IST" duration-ms="251" status="PASS">
          <reporter-output>
          </reporter-output>
        </test-method> <!-- random -->
        <test-method signature="ntv_ptv_no()[pri:8, instance:test.Calculator_dotNet.Math_fun@6025e1b6]" started-at="2026-03-10T18:27:58 IST" name="ntv_ptv_no" finished-at="2026-03-10T18:27:59 IST" duration-ms="700" status="PASS">
          <reporter-output>
          </reporter-output>
        </test-method> <!-- ntv_ptv_no -->
        <test-method signature="sin()[pri:9, instance:test.Calculator_dotNet.Math_fun@6025e1b6]" started-at="2026-03-10T18:27:59 IST" name="sin" finished-at="2026-03-10T18:27:59 IST" duration-ms="491" status="PASS">
          <reporter-output>
          </reporter-output>
        </test-method> <!-- sin -->
        <test-method signature="cos()[pri:10, instance:test.Calculator_dotNet.Math_fun@6025e1b6]" started-at="2026-03-10T18:27:59 IST" name="cos" finished-at="2026-03-10T18:28:00 IST" duration-ms="430" status="PASS">
          <reporter-output>
          </reporter-output>
        </test-method> <!-- cos -->
        <test-method signature="tan()[pri:11, instance:test.Calculator_dotNet.Math_fun@6025e1b6]" started-at="2026-03-10T18:28:00 IST" name="tan" finished-at="2026-03-10T18:28:00 IST" duration-ms="565" status="PASS">
          <reporter-output>
          </reporter-output>
        </test-method> <!-- tan -->
        <test-method signature="sin_1()[pri:12, instance:test.Calculator_dotNet.Math_fun@6025e1b6]" started-at="2026-03-10T18:28:00 IST" name="sin_1" finished-at="2026-03-10T18:28:01 IST" duration-ms="276" status="PASS">
          <reporter-output>
          </reporter-output>
        </test-method> <!-- sin_1 -->
        <test-method signature="cos_1()[pri:13, instance:test.Calculator_dotNet.Math_fun@6025e1b6]" started-at="2026-03-10T18:28:01 IST" name="cos_1" finished-at="2026-03-10T18:28:01 IST" duration-ms="298" status="PASS">
          <reporter-output>
          </reporter-output>
        </test-method> <!-- cos_1 -->
        <test-method signature="tan_1()[pri:14, instance:test.Calculator_dotNet.Math_fun@6025e1b6]" started-at="2026-03-10T18:28:01 IST" name="tan_1" finished-at="2026-03-10T18:28:01 IST" duration-ms="450" status="PASS">
          <reporter-output>
          </reporter-output>
        </test-method> <!-- tan_1 -->
        <test-method signature="pie()[pri:15, instance:test.Calculator_dotNet.Math_fun@6025e1b6]" started-at="2026-03-10T18:28:01 IST" name="pie" finished-at="2026-03-10T18:28:02 IST" duration-ms="221" status="PASS">
          <reporter-output>
          </reporter-output>
        </test-method> <!-- pie -->
        <test-method signature="e()[pri:16, instance:test.Calculator_dotNet.Math_fun@6025e1b6]" started-at="2026-03-10T18:28:02 IST" name="e" finished-at="2026-03-10T18:28:02 IST" duration-ms="212" status="PASS">
          <reporter-output>
          </reporter-output>
        </test-method> <!-- e -->
        <test-method signature="x_raisedto_y()[pri:17, instance:test.Calculator_dotNet.Math_fun@6025e1b6]" started-at="2026-03-10T18:28:02 IST" name="x_raisedto_y" finished-at="2026-03-10T18:28:02 IST" duration-ms="306" status="PASS">
          <reporter-output>
          </reporter-output>
        </test-method> <!-- x_raisedto_y -->
        <test-method signature="x_rasisedto_3()[pri:18, instance:test.Calculator_dotNet.Math_fun@6025e1b6]" started-at="2026-03-10T18:28:02 IST" name="x_rasisedto_3" finished-at="2026-03-10T18:28:02 IST" duration-ms="273" status="PASS">
          <reporter-output>
          </reporter-output>
        </test-method> <!-- x_rasisedto_3 -->
        <test-method signature="x_raisedto_2()[pri:19, instance:test.Calculator_dotNet.Math_fun@6025e1b6]" started-at="2026-03-10T18:28:02 IST" name="x_raisedto_2" finished-at="2026-03-10T18:28:03 IST" duration-ms="231" status="PASS">
          <reporter-output>
          </reporter-output>
        </test-method> <!-- x_raisedto_2 -->
        <test-method signature="e_raisedto_x()[pri:20, instance:test.Calculator_dotNet.Math_fun@6025e1b6]" started-at="2026-03-10T18:28:03 IST" name="e_raisedto_x" finished-at="2026-03-10T18:28:03 IST" duration-ms="197" status="PASS">
          <reporter-output>
          </reporter-output>
        </test-method> <!-- e_raisedto_x -->
        <test-method signature="ten_raisedto_x()[pri:21, instance:test.Calculator_dotNet.Math_fun@6025e1b6]" started-at="2026-03-10T18:28:03 IST" name="ten_raisedto_x" finished-at="2026-03-10T18:28:03 IST" duration-ms="172" status="PASS">
          <reporter-output>
          </reporter-output>
        </test-method> <!-- ten_raisedto_x -->
        <test-method signature="y_root_x()[pri:22, instance:test.Calculator_dotNet.Math_fun@6025e1b6]" started-at="2026-03-10T18:28:03 IST" name="y_root_x" finished-at="2026-03-10T18:28:04 IST" duration-ms="716" status="PASS">
          <reporter-output>
          </reporter-output>
        </test-method> <!-- y_root_x -->
        <test-method signature="cuberoot_x()[pri:23, instance:test.Calculator_dotNet.Math_fun@6025e1b6]" started-at="2026-03-10T18:28:04 IST" name="cuberoot_x" finished-at="2026-03-10T18:28:04 IST" duration-ms="474" status="PASS">
          <reporter-output>
          </reporter-output>
        </test-method> <!-- cuberoot_x -->
        <test-method signature="sqrroot_x()[pri:24, instance:test.Calculator_dotNet.Math_fun@6025e1b6]" started-at="2026-03-10T18:28:04 IST" name="sqrroot_x" finished-at="2026-03-10T18:28:04 IST" duration-ms="299" status="PASS">
          <reporter-output>
          </reporter-output>
        </test-method> <!-- sqrroot_x -->
        <test-method signature="natuaral_log()[pri:25, instance:test.Calculator_dotNet.Math_fun@6025e1b6]" started-at="2026-03-10T18:28:04 IST" name="natuaral_log" finished-at="2026-03-10T18:28:05 IST" duration-ms="444" status="PASS">
          <reporter-output>
          </reporter-output>
        </test-method> <!-- natuaral_log -->
        <test-method signature="log()[pri:26, instance:test.Calculator_dotNet.Math_fun@6025e1b6]" started-at="2026-03-10T18:28:05 IST" name="log" finished-at="2026-03-10T18:28:05 IST" duration-ms="307" status="PASS">
          <reporter-output>
          </reporter-output>
        </test-method> <!-- log -->
        <test-method signature="reciprocal()[pri:27, instance:test.Calculator_dotNet.Math_fun@6025e1b6]" started-at="2026-03-10T18:28:05 IST" name="reciprocal" finished-at="2026-03-10T18:28:05 IST" duration-ms="196" status="PASS">
          <reporter-output>
          </reporter-output>
        </test-method> <!-- reciprocal -->
        <test-method signature="percentage()[pri:28, instance:test.Calculator_dotNet.Math_fun@6025e1b6]" started-at="2026-03-10T18:28:05 IST" name="percentage" finished-at="2026-03-10T18:28:06 IST" duration-ms="282" status="PASS">
          <reporter-output>
          </reporter-output>
        </test-method> <!-- percentage -->
        <test-method signature="factoiral()[pri:29, instance:test.Calculator_dotNet.Math_fun@6025e1b6]" started-at="2026-03-10T18:28:06 IST" name="factoiral" finished-at="2026-03-10T18:28:06 IST" duration-ms="321" status="PASS">
          <reporter-output>
          </reporter-output>
        </test-method> <!-- factoiral -->
        <test-method signature="brac()[pri:30, instance:test.Calculator_dotNet.Math_fun@6025e1b6]" started-at="2026-03-10T18:28:06 IST" name="brac" finished-at="2026-03-10T18:28:07 IST" duration-ms="710" status="PASS">
          <reporter-output>
          </reporter-output>
        </test-method> <!-- brac -->
        <test-method signature="his()[pri:31, instance:test.Calculator_dotNet.Math_fun@6025e1b6]" started-at="2026-03-10T18:28:07 IST" name="his" finished-at="2026-03-10T18:28:07 IST" duration-ms="51" status="PASS">
          <reporter-output>
          </reporter-output>
        </test-method> <!-- his -->
        <test-method signature="memory_add()[pri:32, instance:test.Calculator_dotNet.Math_fun@6025e1b6]" started-at="2026-03-10T18:28:07 IST" name="memory_add" finished-at="2026-03-10T18:28:07 IST" duration-ms="159" status="PASS">
          <reporter-output>
          </reporter-output>
        </test-method> <!-- memory_add -->
        <test-method signature="memory_recall()[pri:33, instance:test.Calculator_dotNet.Math_fun@6025e1b6]" started-at="2026-03-10T18:28:07 IST" name="memory_recall" finished-at="2026-03-10T18:28:07 IST" duration-ms="192" status="PASS">
          <reporter-output>
          </reporter-output>
        </test-method> <!-- memory_recall -->
        <test-method signature="memory_subtract()[pri:34, instance:test.Calculator_dotNet.Math_fun@6025e1b6]" started-at="2026-03-10T18:28:07 IST" name="memory_subtract" finished-at="2026-03-10T18:28:07 IST" duration-ms="333" status="PASS">
          <reporter-output>
          </reporter-output>
        </test-method> <!-- memory_subtract -->
        <test-method signature="radian()[pri:35, instance:test.Calculator_dotNet.Math_fun@6025e1b6]" started-at="2026-03-10T18:28:07 IST" name="radian" finished-at="2026-03-10T18:28:08 IST" duration-ms="320" status="PASS">
          <reporter-output>
          </reporter-output>
        </test-method> <!-- radian -->
        <test-method is-config="true" signature="closeBrowser()[pri:0, instance:test.Calculator_dotNet.Math_fun@6025e1b6]" started-at="2026-03-10T18:28:08 IST" name="closeBrowser" finished-at="2026-03-10T18:28:08 IST" duration-ms="280" status="PASS">
          <reporter-output>
          </reporter-output>
        </test-method> <!-- closeBrowser -->
      </class> <!-- test.Calculator_dotNet.Math_fun -->
      <class name="test.Calculator_dotNet.calculator_links">
        <test-method is-config="true" signature="launch()[pri:0, instance:test.Calculator_dotNet.calculator_links@1165b38]" started-at="2026-03-10T18:28:08 IST" name="launch" finished-at="2026-03-10T18:28:10 IST" duration-ms="2416" status="PASS">
          <reporter-output>
          </reporter-output>
        </test-method> <!-- launch -->
        <test-method signature="c_links()[pri:0, instance:test.Calculator_dotNet.calculator_links@1165b38]" started-at="2026-03-10T18:28:10 IST" name="c_links" finished-at="2026-03-10T18:29:15 IST" duration-ms="64182" status="PASS">
          <reporter-output>
          </reporter-output>
        </test-method> <!-- c_links -->
        <test-method is-config="true" signature="closeBrowser()[pri:0, instance:test.Calculator_dotNet.calculator_links@1165b38]" started-at="2026-03-10T18:29:15 IST" name="closeBrowser" finished-at="2026-03-10T18:29:15 IST" duration-ms="262" status="PASS">
          <reporter-output>
          </reporter-output>
        </test-method> <!-- closeBrowser -->
      </class> <!-- test.Calculator_dotNet.calculator_links -->
    </test> <!-- CalculatorTests -->
  </suite> <!-- CalculatorSuite -->
</testng-results>
