<?xml version="1.0" encoding="UTF-8"?>
<!-- Generated by org.testng.reporters.JUnitReportReporter -->
<testsuite hostname="Ankita_Laptop" failures="0" tests="2" name="test.Calculator_dotNet.Sign_in" time="2.888" errors="0" timestamp="2026-03-10T18:29:23 IST" skipped="0">
  <testcase classname="test.Calculator_dotNet.Sign_in" name="sign_in" time="1.472"/>
  <testcase classname="test.Calculator_dotNet.Sign_in" name="click_signin_nav" time="1.416"/>
</testsuite> <!-- test.Calculator_dotNet.Sign_in -->
