<?xml version="1.0" encoding="UTF-8"?>
<!-- Generated by org.testng.reporters.JUnitReportReporter -->
<testsuite hostname="Ankita_Laptop" failures="0" tests="36" name="test.Calculator_dotNet.Math_fun" time="13.054" errors="0" timestamp="2026-03-10T18:29:23 IST" skipped="0">
  <testcase classname="test.Calculator_dotNet.Math_fun" name="addition" time="0.394"/>
  <testcase classname="test.Calculator_dotNet.Math_fun" name="substraction" time="0.575"/>
  <testcase classname="test.Calculator_dotNet.Math_fun" name="multiplication" time="0.532"/>
  <testcase classname="test.Calculator_dotNet.Math_fun" name="division" time="0.442"/>
  <testcase classname="test.Calculator_dotNet.Math_fun" name="Ans_btn" time="0.147"/>
  <testcase classname="test.Calculator_dotNet.Math_fun" name="back" time="0.304"/>
  <testcase classname="test.Calculator_dotNet.Math_fun" name="ten_raiseto" time="0.783"/>
  <testcase classname="test.Calculator_dotNet.Math_fun" name="random" time="0.251"/>
  <testcase classname="test.Calculator_dotNet.Math_fun" name="ntv_ptv_no" time="0.700"/>
  <testcase classname="test.Calculator_dotNet.Math_fun" name="sin" time="0.491"/>
  <testcase classname="test.Calculator_dotNet.Math_fun" name="cos" time="0.430"/>
  <testcase classname="test.Calculator_dotNet.Math_fun" name="tan" time="0.565"/>
  <testcase classname="test.Calculator_dotNet.Math_fun" name="sin_1" time="0.276"/>
  <testcase classname="test.Calculator_dotNet.Math_fun" name="cos_1" time="0.298"/>
  <testcase classname="test.Calculator_dotNet.Math_fun" name="tan_1" time="0.450"/>
  <testcase classname="test.Calculator_dotNet.Math_fun" name="pie" time="0.221"/>
  <testcase classname="test.Calculator_dotNet.Math_fun" name="e" time="0.212"/>
  <testcase classname="test.Calculator_dotNet.Math_fun" name="x_raisedto_y" time="0.306"/>
  <testcase classname="test.Calculator_dotNet.Math_fun" name="x_rasisedto_3" time="0.273"/>
  <testcase classname="test.Calculator_dotNet.Math_fun" name="x_raisedto_2" time="0.231"/>
  <testcase classname="test.Calculator_dotNet.Math_fun" name="e_raisedto_x" time="0.197"/>
  <testcase classname="test.Calculator_dotNet.Math_fun" name="ten_raisedto_x" time="0.172"/>
  <testcase classname="test.Calculator_dotNet.Math_fun" name="y_root_x" time="0.716"/>
  <testcase classname="test.Calculator_dotNet.Math_fun" name="cuberoot_x" time="0.474"/>
  <testcase classname="test.Calculator_dotNet.Math_fun" name="sqrroot_x" time="0.299"/>
  <testcase classname="test.Calculator_dotNet.Math_fun" name="natuaral_log" time="0.444"/>
  <testcase classname="test.Calculator_dotNet.Math_fun" name="log" time="0.307"/>
  <testcase classname="test.Calculator_dotNet.Math_fun" name="reciprocal" time="0.196"/>
  <testcase classname="test.Calculator_dotNet.Math_fun" name="percentage" time="0.282"/>
  <testcase classname="test.Calculator_dotNet.Math_fun" name="factoiral" time="0.321"/>
  <testcase classname="test.Calculator_dotNet.Math_fun" name="brac" time="0.710"/>
  <testcase classname="test.Calculator_dotNet.Math_fun" name="his" time="0.051"/>
  <testcase classname="test.Calculator_dotNet.Math_fun" name="memory_add" time="0.159"/>
  <testcase classname="test.Calculator_dotNet.Math_fun" name="memory_recall" time="0.192"/>
  <testcase classname="test.Calculator_dotNet.Math_fun" name="memory_subtract" time="0.333"/>
  <testcase classname="test.Calculator_dotNet.Math_fun" name="radian" time="0.320"/>
</testsuite> <!-- test.Calculator_dotNet.Math_fun -->
